<?xml version="1.0" encoding="UTF-8"?>
<testng-results skipped="0" failed="1" ignored="0" total="3" passed="2">
  <reporter-output>
  </reporter-output>
  <suite name="Parallel Search" duration-ms="39905" started-at="2022-01-28T19:09:38 IST" finished-at="2022-01-28T19:10:18 IST">
    <groups>
    </groups>
    <test name="AmazonTestEnv2" duration-ms="25816" started-at="2022-01-28T19:09:38 IST" finished-at="2022-01-28T19:10:04 IST">
      <class name="TestCase.SearchiPhone">
        <test-method status="PASS" signature="init_driver(java.lang.String,java.lang.String)[pri:0, instance:TestCase.SearchiPhone@fad74ee]" name="init_driver" is-config="true" duration-ms="9634" started-at="2022-01-28T19:09:39 IST" finished-at="2022-01-28T19:09:48 IST">
          <params>
            <param index="0">
              <value>
                <![CDATA[Run_Parallel_Test/parallel.conf.json]]>
              </value>
            </param>
            <param index="1">
              <value>
                <![CDATA[env2]]>
              </value>
            </param>
          </params>
          <reporter-output>
          </reporter-output>
        </test-method> <!-- init_driver -->
        <test-method status="FAIL" signature="SearchiPhoneX()[pri:0, instance:TestCase.SearchiPhone@fad74ee]" name="SearchiPhoneX" duration-ms="13358" started-at="2022-01-28T19:09:48 IST" finished-at="2022-01-28T19:10:02 IST">
          <exception class="org.openqa.selenium.TimeoutException">
            <message>
              <![CDATA[Expected condition failed: waiting for element to be clickable: Proxy element for: DefaultElementLocator 'By.id: twotabsearchtextbox' (tried for 10 second(s) with 500 milliseconds interval)]]>
            </message>
            <full-stacktrace>
              <![CDATA[org.openqa.selenium.TimeoutException: Expected condition failed: waiting for element to be clickable: Proxy element for: DefaultElementLocator 'By.id: twotabsearchtextbox' (tried for 10 second(s) with 500 milliseconds interval)
at org.openqa.selenium.support.ui.WebDriverWait.timeoutException(WebDriverWait.java:95)
at org.openqa.selenium.support.ui.FluentWait.until(FluentWait.java:272)
at Page.Amazon.launchAmzn(Amazon.java:39)
at TestCase.SearchiPhone.SearchiPhoneX(SearchiPhone.java:12)
at sun.reflect.NativeMethodAccessorImpl.invoke0(Native Method)
at sun.reflect.NativeMethodAccessorImpl.invoke(NativeMethodAccessorImpl.java:62)
at sun.reflect.DelegatingMethodAccessorImpl.invoke(DelegatingMethodAccessorImpl.java:43)
at java.lang.reflect.Method.invoke(Method.java:498)
at org.testng.internal.MethodInvocationHelper.invokeMethod(MethodInvocationHelper.java:133)
at org.testng.internal.TestInvoker.invokeMethod(TestInvoker.java:598)
at org.testng.internal.TestInvoker.invokeTestMethod(TestInvoker.java:173)
at org.testng.internal.MethodRunner.runInSequence(MethodRunner.java:46)
at org.testng.internal.TestInvoker$MethodInvocationAgent.invoke(TestInvoker.java:824)
at org.testng.internal.TestInvoker.invokeTestMethods(TestInvoker.java:146)
at org.testng.internal.TestMethodWorker.invokeTestMethods(TestMethodWorker.java:146)
at org.testng.internal.TestMethodWorker.run(TestMethodWorker.java:128)
at java.util.ArrayList.forEach(ArrayList.java:1259)
at org.testng.TestRunner.privateRun(TestRunner.java:794)
at org.testng.TestRunner.run(TestRunner.java:596)
at org.testng.SuiteRunner.runTest(SuiteRunner.java:377)
at org.testng.SuiteRunner.access$000(SuiteRunner.java:28)
at org.testng.SuiteRunner$SuiteWorker.run(SuiteRunner.java:418)
at org.testng.internal.thread.ThreadUtil.lambda$execute$0(ThreadUtil.java:64)
at java.util.concurrent.FutureTask.run(FutureTask.java:266)
at java.util.concurrent.ThreadPoolExecutor.runWorker(ThreadPoolExecutor.java:1149)
at java.util.concurrent.ThreadPoolExecutor$Worker.run(ThreadPoolExecutor.java:624)
at java.lang.Thread.run(Thread.java:748)
Caused by: org.openqa.selenium.NoSuchElementException: An element could not be located on the page using the given search parameters. (WARNING: The server did not provide any stacktrace information)
Command duration or timeout: 0 milliseconds
For documentation on this error, please visit: https://www.seleniumhq.org/exceptions/no_such_element.html
Build info: version: '3.141.59', revision: 'e82be7d358', time: '2018-11-14T08:17:03'
System info: host: 'Abduls-MacBook-Pro.local', ip: 'fe80:0:0:0:18d3:f6bc:9b75:6a9b%en0', os.name: 'Mac OS X', os.arch: 'x86_64', os.version: '10.16', java.version: '1.8.0_311'
Driver info: org.openqa.selenium.remote.RemoteWebDriver
Capabilities {64bit: false, acceptSslCert: false, acceptSslCerts: false, automationName: XCUITest, bootstrapPath: /usr/local/.browserstack/co..., browser: iphone, browserName: safari, browser_name: chrome, browserstack.appium_version: 1.17.0, browserstack.isTargetBased: true, browserstack.is_hub_canary: false, buildName: jenkins-TestNG_ParallelTest..., databaseEnabled: false, detected_language: selenium/3.141.59 (java mac), device: iphone, deviceName: iPhone 12, deviceOrientation: PORTRAIT, javascriptEnabled: true, locationContextEnabled: false, mobile: {browser: mobile, version: iPhone 12-14.1}, networkConnectionEnabled: false, newCommandTimeout: 0, new_bucketing: true, noReset: true, orientation: PORTRAIT, orig_os: ios, osVersion: 14, os_version: 14.0, platform: MAC, platformName: MAC, projectName: Amazon Product Search, realMobile: true, real_mobile: true, safariIgnoreFraudWarning: true, safariInitialUrl: http://mobile-internet-chec..., sessionName: Parallel Test, takesScreenshot: true, udid: 00008101-001E79E422E0001E, useXctestrunFile: true, version: , wda_port: 8405, webStorageEnabled: false, webkitResponseTimeout: 20000}
Session ID: 58620f688286b422d268eff4a8c98fcd6c69c5d3
*** Element info: {Using=id, value=twotabsearchtextbox}
at sun.reflect.NativeConstructorAccessorImpl.newInstance0(Native Method)
at sun.reflect.NativeConstructorAccessorImpl.newInstance(NativeConstructorAccessorImpl.java:62)
at sun.reflect.DelegatingConstructorAccessorImpl.newInstance(DelegatingConstructorAccessorImpl.java:45)
at java.lang.reflect.Constructor.newInstance(Constructor.java:423)
at org.openqa.selenium.remote.ErrorHandler.createThrowable(ErrorHandler.java:214)
at org.openqa.selenium.remote.ErrorHandler.throwIfResponseFailed(ErrorHandler.java:166)
at org.openqa.selenium.remote.http.JsonHttpResponseCodec.reconstructValue(JsonHttpResponseCodec.java:40)
at org.openqa.selenium.remote.http.AbstractHttpResponseCodec.decode(AbstractHttpResponseCodec.java:80)
at org.openqa.selenium.remote.http.AbstractHttpResponseCodec.decode(AbstractHttpResponseCodec.java:44)
at org.openqa.selenium.remote.HttpCommandExecutor.execute(HttpCommandExecutor.java:158)
at org.openqa.selenium.remote.RemoteWebDriver.execute(RemoteWebDriver.java:552)
at org.openqa.selenium.remote.RemoteWebDriver.findElement(RemoteWebDriver.java:323)
at org.openqa.selenium.remote.RemoteWebDriver.findElementById(RemoteWebDriver.java:372)
at org.openqa.selenium.By$ById.findElement(By.java:188)
at org.openqa.selenium.remote.RemoteWebDriver.findElement(RemoteWebDriver.java:315)
at org.openqa.selenium.support.pagefactory.DefaultElementLocator.findElement(DefaultElementLocator.java:69)
at org.openqa.selenium.support.pagefactory.internal.LocatingElementHandler.invoke(LocatingElementHandler.java:38)
at com.sun.proxy.$Proxy9.isDisplayed(Unknown Source)
at org.openqa.selenium.support.ui.ExpectedConditions.elementIfVisible(ExpectedConditions.java:314)
at org.openqa.selenium.support.ui.ExpectedConditions.access$000(ExpectedConditions.java:43)
at org.openqa.selenium.support.ui.ExpectedConditions$10.apply(ExpectedConditions.java:300)
at org.openqa.selenium.support.ui.ExpectedConditions$10.apply(ExpectedConditions.java:297)
at org.openqa.selenium.support.ui.ExpectedConditions$23.apply(ExpectedConditions.java:670)
at org.openqa.selenium.support.ui.ExpectedConditions$23.apply(ExpectedConditions.java:666)
at org.openqa.selenium.support.ui.FluentWait.until(FluentWait.java:249)
... 25 more
]]>
            </full-stacktrace>
          </exception> <!-- org.openqa.selenium.TimeoutException -->
          <reporter-output>
          </reporter-output>
        </test-method> <!-- SearchiPhoneX -->
        <test-method status="PASS" signature="tearDown(org.testng.ITestResult)[pri:0, instance:TestCase.SearchiPhone@fad74ee]" name="tearDown" is-config="true" duration-ms="1807" started-at="2022-01-28T19:10:02 IST" finished-at="2022-01-28T19:10:04 IST">
          <params>
            <param index="0">
              <value>
                <![CDATA[[TestResult name=SearchiPhoneX status=FAILURE method=SearchiPhone.SearchiPhoneX()[pri:0, instance:TestCase.SearchiPhone@fad74ee] output={null}]]]>
              </value>
            </param>
          </params>
          <reporter-output>
          </reporter-output>
        </test-method> <!-- tearDown -->
      </class> <!-- TestCase.SearchiPhone -->
    </test> <!-- AmazonTestEnv2 -->
    <test name="AmazonTestEnv3" duration-ms="38924" started-at="2022-01-28T19:09:38 IST" finished-at="2022-01-28T19:10:17 IST">
      <class name="TestCase.SearchiPhone">
        <test-method status="PASS" signature="init_driver(java.lang.String,java.lang.String)[pri:0, instance:TestCase.SearchiPhone@32d2fa64]" name="init_driver" is-config="true" duration-ms="13409" started-at="2022-01-28T19:09:39 IST" finished-at="2022-01-28T19:09:52 IST">
          <params>
            <param index="0">
              <value>
                <![CDATA[Run_Parallel_Test/parallel.conf.json]]>
              </value>
            </param>
            <param index="1">
              <value>
                <![CDATA[env3]]>
              </value>
            </param>
          </params>
          <reporter-output>
          </reporter-output>
        </test-method> <!-- init_driver -->
        <test-method status="PASS" signature="SearchiPhoneX()[pri:0, instance:TestCase.SearchiPhone@32d2fa64]" name="SearchiPhoneX" duration-ms="22840" started-at="2022-01-28T19:09:52 IST" finished-at="2022-01-28T19:10:15 IST">
          <reporter-output>
          </reporter-output>
        </test-method> <!-- SearchiPhoneX -->
        <test-method status="PASS" signature="tearDown(org.testng.ITestResult)[pri:0, instance:TestCase.SearchiPhone@32d2fa64]" name="tearDown" is-config="true" duration-ms="1287" started-at="2022-01-28T19:10:16 IST" finished-at="2022-01-28T19:10:17 IST">
          <params>
            <param index="0">
              <value>
                <![CDATA[[TestResult name=SearchiPhoneX status=SUCCESS method=SearchiPhone.SearchiPhoneX()[pri:0, instance:TestCase.SearchiPhone@32d2fa64] output={null}]]]>
              </value>
            </param>
          </params>
          <reporter-output>
          </reporter-output>
        </test-method> <!-- tearDown -->
      </class> <!-- TestCase.SearchiPhone -->
    </test> <!-- AmazonTestEnv3 -->
    <test name="AmazonTestEnv1" duration-ms="39905" started-at="2022-01-28T19:09:38 IST" finished-at="2022-01-28T19:10:18 IST">
      <class name="TestCase.SearchiPhone">
        <test-method status="PASS" signature="init_driver(java.lang.String,java.lang.String)[pri:0, instance:TestCase.SearchiPhone@7f13d6e]" name="init_driver" is-config="true" duration-ms="15019" started-at="2022-01-28T19:09:39 IST" finished-at="2022-01-28T19:09:54 IST">
          <params>
            <param index="0">
              <value>
                <![CDATA[Run_Parallel_Test/parallel.conf.json]]>
              </value>
            </param>
            <param index="1">
              <value>
                <![CDATA[env1]]>
              </value>
            </param>
          </params>
          <reporter-output>
          </reporter-output>
        </test-method> <!-- init_driver -->
        <test-method status="PASS" signature="SearchiPhoneX()[pri:0, instance:TestCase.SearchiPhone@7f13d6e]" name="SearchiPhoneX" duration-ms="22132" started-at="2022-01-28T19:09:54 IST" finished-at="2022-01-28T19:10:16 IST">
          <reporter-output>
          </reporter-output>
        </test-method> <!-- SearchiPhoneX -->
        <test-method status="PASS" signature="tearDown(org.testng.ITestResult)[pri:0, instance:TestCase.SearchiPhone@7f13d6e]" name="tearDown" is-config="true" duration-ms="1398" started-at="2022-01-28T19:10:17 IST" finished-at="2022-01-28T19:10:18 IST">
          <params>
            <param index="0">
              <value>
                <![CDATA[[TestResult name=SearchiPhoneX status=SUCCESS method=SearchiPhone.SearchiPhoneX()[pri:0, instance:TestCase.SearchiPhone@7f13d6e] output={null}]]]>
              </value>
            </param>
          </params>
          <reporter-output>
          </reporter-output>
        </test-method> <!-- tearDown -->
      </class> <!-- TestCase.SearchiPhone -->
    </test> <!-- AmazonTestEnv1 -->
  </suite> <!-- Parallel Search -->
</testng-results>
